<?xml version="1.0" encoding="UTF-8"?>
<!-- Generated by org.testng.reporters.JUnitReportReporter -->
<testsuite hostname="DESKTOP-LL0VOUT" failures="0" tests="1" name="org.yukesh.CartPageTest" time="5.252" errors="0" timestamp="2021-09-12T20:08:44 PDT" skipped="0">
  <testcase classname="org.yukesh.CartPageTest" name="Login_Addtocart_Gotocart" time="5.252"/>
  <system-out/>
</testsuite> <!-- org.yukesh.CartPageTest -->
