<?xml version="1.0" encoding="UTF-8"?>
<!-- Generated by org.testng.reporters.JUnitReportReporter -->
<testsuite hostname="DESKTOP-LL0VOUT" failures="0" tests="1" name="org.yukesh.InventoryTest" time="5.666" errors="0" timestamp="2021-09-12T20:08:44 PDT" skipped="0">
  <testcase classname="org.yukesh.InventoryTest" name="Login_Addtocart" time="5.666"/>
  <system-out/>
</testsuite> <!-- org.yukesh.InventoryTest -->
