<?xml version="1.0" encoding="UTF-8"?>
<!-- Generated by org.testng.reporters.JUnitReportReporter -->
<testsuite hostname="DESKTOP-LL0VOUT" failures="0" tests="2" name="org.yukesh.LoginTest" time="4.991" errors="0" timestamp="2021-09-13T11:47:05 PDT" skipped="0">
  <testcase classname="org.yukesh.LoginTest" name="valid_Login" time="2.122"/>
  <system-out/>
  <testcase classname="org.yukesh.LoginTest" name="Invalid_Login" time="2.869"/>
  <system-out/>
</testsuite> <!-- org.yukesh.LoginTest -->
